2018-03-13 11:33:40  com.yc.hadoop.hdfs.Hadoop_HdfsApi08.main(Hadoop_HdfsApi08.java:36)  上传成功....
2018-03-13 11:34:29  com.yc.hadoop.hdfs.Hadoop_HdfsApi09.main(Hadoop_HdfsApi09.java:62)  hdfs操作失败!!!
java.io.FileNotFoundException: File does not exist: hdfs://192.168.30.130:9000/user/navy/hadoop_config.txt
	at org.apache.hadoop.hdfs.DistributedFileSystem$29.doCall(DistributedFileSystem.java:1495)
	at org.apache.hadoop.hdfs.DistributedFileSystem$29.doCall(DistributedFileSystem.java:1488)
	at org.apache.hadoop.fs.FileSystemLinkResolver.resolve(FileSystemLinkResolver.java:81)
	at org.apache.hadoop.hdfs.DistributedFileSystem.getFileStatus(DistributedFileSystem.java:1503)
	at com.yc.hadoop.hdfs.Hadoop_HdfsApi09.main(Hadoop_HdfsApi09.java:35)
2018-03-13 11:42:16  com.yc.hadoop.hdfs.Hadoop_HdfsApi09.main(Hadoop_HdfsApi09.java:62)  hdfs操作失败!!!
java.io.FileNotFoundException: File does not exist: hdfs://192.168.30.130:9000/user/navy/yc.txt
	at org.apache.hadoop.hdfs.DistributedFileSystem$29.doCall(DistributedFileSystem.java:1495)
	at org.apache.hadoop.hdfs.DistributedFileSystem$29.doCall(DistributedFileSystem.java:1488)
	at org.apache.hadoop.fs.FileSystemLinkResolver.resolve(FileSystemLinkResolver.java:81)
	at org.apache.hadoop.hdfs.DistributedFileSystem.getFileStatus(DistributedFileSystem.java:1503)
	at com.yc.hadoop.hdfs.Hadoop_HdfsApi09.main(Hadoop_HdfsApi09.java:35)
2018-03-13 11:42:34  com.yc.hadoop.hdfs.Hadoop_HdfsApi08.main(Hadoop_HdfsApi08.java:36)  上传成功....
2018-03-16 18:30:25  com.yc.hadoop.hdfs.Hadoop_HdfsApi01.main(Hadoop_HdfsApi01.java:35)  test.txt不存在!!!
2018-03-16 18:30:25  com.yc.hadoop.hdfs.Hadoop_HdfsApi01.main(Hadoop_HdfsApi01.java:37)  创建文件test.txt成功...
2018-03-16 18:39:12  com.yc.hadoop.hdfs.Hadoop_HdfsApi011.main(Hadoop_HdfsApi011.java:34)  files 不存在，开始创建...
2018-03-16 18:39:12  com.yc.hadoop.hdfs.Hadoop_HdfsApi011.main(Hadoop_HdfsApi011.java:36)  files 目录创建成功...
2018-03-16 18:39:12  com.yc.hadoop.hdfs.Hadoop_HdfsApi011.main(Hadoop_HdfsApi011.java:49)  files/data.txt 文件创建成功...
